Flow report for LogicalStep_Lab4_top
Fri Mar 22 17:36:37 2024
Quartus Prime Version 18.1.0 Build 625 09/12/2018 SJ Standard Edition


---------------------
; Table of Contents ;
---------------------
  1. Legal Notice
  2. Flow Summary
  3. Flow Settings
  4. Flow Non-Default Global Settings
  5. Flow Elapsed Time
  6. Flow OS Summary
  7. Flow Log
  8. Flow Messages
  9. Flow Suppressed Messages



----------------
; Legal Notice ;
----------------
Copyright (C) 2018  Intel Corporation. All rights reserved.
Your use of Intel Corporation's design tools, logic functions 
and other software and tools, and its AMPP partner logic 
functions, and any output files from any of the foregoing 
(including device programming or simulation files), and any 
associated documentation or information are expressly subject 
to the terms and conditions of the Intel Program License 
Subscription Agreement, the Intel Quartus Prime License Agreement,
the Intel FPGA IP License Agreement, or other applicable license
agreement, including, without limitation, that your use is for
the sole purpose of programming logic devices manufactured by
Intel and sold by Intel or its authorized distributors.  Please
refer to the applicable agreement for further details.



+--------------------------------------------------------------------------------------+
; Flow Summary                                                                         ;
+------------------------------------+-------------------------------------------------+
; Flow Status                        ; Successful - Fri Mar 22 17:36:37 2024           ;
; Quartus Prime Version              ; 18.1.0 Build 625 09/12/2018 SJ Standard Edition ;
; Revision Name                      ; LogicalStep_Lab4_top                            ;
; Top-level Entity Name              ; LogicalStep_Lab4_top                            ;
; Family                             ; MAX 10                                          ;
; Device                             ; 10M08SAE144C8G                                  ;
; Timing Models                      ; Final                                           ;
; Total logic elements               ; 78                                              ;
;     Total combinational functions  ; 66                                              ;
;     Dedicated logic registers      ; 55                                              ;
; Total registers                    ; 55                                              ;
; Total pins                         ; 39                                              ;
; Total virtual pins                 ; 0                                               ;
; Total memory bits                  ; 0                                               ;
; Embedded Multiplier 9-bit elements ; 0                                               ;
; Total PLLs                         ; 0                                               ;
; UFM blocks                         ; 0                                               ;
; ADC blocks                         ; 0                                               ;
+------------------------------------+-------------------------------------------------+


+------------------------------------------+
; Flow Settings                            ;
+-------------------+----------------------+
; Option            ; Setting              ;
+-------------------+----------------------+
; Start date & time ; 03/22/2024 16:53:11  ;
; Main task         ; Compilation          ;
; Revision Name     ; LogicalStep_Lab4_top ;
+-------------------+----------------------+


+-----------------------------------------------------------------------------------------------------------------------------+
; Flow Non-Default Global Settings                                                                                            ;
+-------------------------------------+----------------------------------------+---------------+-------------+----------------+
; Assignment Name                     ; Value                                  ; Default Value ; Entity Name ; Section Id     ;
+-------------------------------------+----------------------------------------+---------------+-------------+----------------+
; COMPILER_SIGNATURE_ID               ; 79306761341566.171114079109064         ; --            ; --          ; --             ;
; EDA_OUTPUT_DATA_FORMAT              ; Vhdl                                   ; --            ; --          ; eda_simulation ;
; FLOW_ENABLE_POWER_ANALYZER          ; On                                     ; Off           ; --          ; --             ;
; IOBANK_VCCIO                        ; 3.3V                                   ; --            ; --          ; 1A             ;
; IOBANK_VCCIO                        ; 3.3V                                   ; --            ; --          ; 1B             ;
; IOBANK_VCCIO                        ; 3.3V                                   ; --            ; --          ; 2              ;
; IOBANK_VCCIO                        ; 3.3V                                   ; --            ; --          ; 3              ;
; IOBANK_VCCIO                        ; 3.3V                                   ; --            ; --          ; 4              ;
; IOBANK_VCCIO                        ; 3.3V                                   ; --            ; --          ; 5              ;
; IOBANK_VCCIO                        ; 3.3V                                   ; --            ; --          ; 6              ;
; IOBANK_VCCIO                        ; 3.3V                                   ; --            ; --          ; 7              ;
; IOBANK_VCCIO                        ; 3.3V                                   ; --            ; --          ; 8              ;
; MAX_CORE_JUNCTION_TEMP              ; 85                                     ; --            ; --          ; --             ;
; MIN_CORE_JUNCTION_TEMP              ; 0                                      ; --            ; --          ; --             ;
; OUTPUT_IO_TIMING_FAR_END_VMEAS      ; Half Signal Swing                      ; --            ; --          ; --             ;
; OUTPUT_IO_TIMING_FAR_END_VMEAS      ; Half Signal Swing                      ; --            ; --          ; --             ;
; OUTPUT_IO_TIMING_NEAR_END_VMEAS     ; Half Vccio                             ; --            ; --          ; --             ;
; OUTPUT_IO_TIMING_NEAR_END_VMEAS     ; Half Vccio                             ; --            ; --          ; --             ;
; PARTITION_COLOR                     ; -- (Not supported for targeted family) ; --            ; --          ; Top            ;
; PARTITION_FITTER_PRESERVATION_LEVEL ; -- (Not supported for targeted family) ; --            ; --          ; Top            ;
; PARTITION_NETLIST_TYPE              ; -- (Not supported for targeted family) ; --            ; --          ; Top            ;
; POWER_BOARD_THERMAL_MODEL           ; None (CONSERVATIVE)                    ; --            ; --          ; --             ;
; POWER_DEFAULT_INPUT_IO_TOGGLE_RATE  ; 12.5 %                                 ; 12.5%         ; --          ; --             ;
; POWER_PRESET_COOLING_SOLUTION       ; 23 MM HEAT SINK WITH 200 LFPM AIRFLOW  ; --            ; --          ; --             ;
; PROJECT_OUTPUT_DIRECTORY            ; output_files                           ; --            ; --          ; --             ;
+-------------------------------------+----------------------------------------+---------------+-------------+----------------+


+--------------------------------------------------------------------------------------------------------------------------+
; Flow Elapsed Time                                                                                                        ;
+----------------------+--------------+-------------------------+---------------------+------------------------------------+
; Module Name          ; Elapsed Time ; Average Processors Used ; Peak Virtual Memory ; Total CPU Time (on all processors) ;
+----------------------+--------------+-------------------------+---------------------+------------------------------------+
; Analysis & Synthesis ; 00:00:06     ; 1.0                     ; 4834 MB             ; 00:00:15                           ;
; EDA Netlist Writer   ; 00:00:01     ; 1.0                     ; 4638 MB             ; 00:00:00                           ;
; EDA Netlist Writer   ; 00:00:00     ; 1.0                     ; 4641 MB             ; 00:00:00                           ;
; EDA Netlist Writer   ; 00:00:01     ; 1.0                     ; 4641 MB             ; 00:00:00                           ;
; EDA Netlist Writer   ; 00:00:00     ; 1.0                     ; 4641 MB             ; 00:00:00                           ;
; EDA Netlist Writer   ; 00:00:01     ; 1.0                     ; 4641 MB             ; 00:00:00                           ;
; EDA Netlist Writer   ; 00:00:00     ; 1.0                     ; 4641 MB             ; 00:00:00                           ;
; EDA Netlist Writer   ; 00:00:00     ; 1.0                     ; 4641 MB             ; 00:00:00                           ;
; EDA Netlist Writer   ; 00:00:00     ; 1.0                     ; 4641 MB             ; 00:00:00                           ;
; EDA Netlist Writer   ; 00:00:00     ; 1.0                     ; 4641 MB             ; 00:00:00                           ;
; EDA Netlist Writer   ; 00:00:01     ; 1.0                     ; 4641 MB             ; 00:00:00                           ;
; EDA Netlist Writer   ; 00:00:01     ; 1.0                     ; 4641 MB             ; 00:00:00                           ;
; EDA Netlist Writer   ; 00:00:00     ; 1.0                     ; 4641 MB             ; 00:00:00                           ;
; EDA Netlist Writer   ; 00:00:00     ; 1.0                     ; 4641 MB             ; 00:00:00                           ;
; EDA Netlist Writer   ; 00:00:01     ; 1.0                     ; 4641 MB             ; 00:00:00                           ;
; Total                ; 00:00:12     ; --                      ; --                  ; 00:00:15                           ;
+----------------------+--------------+-------------------------+---------------------+------------------------------------+


+------------------------------------------------------------------------------------+
; Flow OS Summary                                                                    ;
+----------------------+------------------+------------+------------+----------------+
; Module Name          ; Machine Hostname ; OS Name    ; OS Version ; Processor type ;
+----------------------+------------------+------------+------------+----------------+
; Analysis & Synthesis ; ECE-CPUIO2-08    ; Windows 10 ; 10.0       ; x86_64         ;
; EDA Netlist Writer   ; ECE-CPUIO2-08    ; Windows 10 ; 10.0       ; x86_64         ;
; EDA Netlist Writer   ; ECE-CPUIO2-08    ; Windows 10 ; 10.0       ; x86_64         ;
; EDA Netlist Writer   ; ECE-CPUIO2-08    ; Windows 10 ; 10.0       ; x86_64         ;
; EDA Netlist Writer   ; ECE-CPUIO2-08    ; Windows 10 ; 10.0       ; x86_64         ;
; EDA Netlist Writer   ; ECE-CPUIO2-08    ; Windows 10 ; 10.0       ; x86_64         ;
; EDA Netlist Writer   ; ECE-CPUIO2-08    ; Windows 10 ; 10.0       ; x86_64         ;
; EDA Netlist Writer   ; ECE-CPUIO2-08    ; Windows 10 ; 10.0       ; x86_64         ;
; EDA Netlist Writer   ; ECE-CPUIO2-08    ; Windows 10 ; 10.0       ; x86_64         ;
; EDA Netlist Writer   ; ECE-CPUIO2-08    ; Windows 10 ; 10.0       ; x86_64         ;
; EDA Netlist Writer   ; ECE-CPUIO2-08    ; Windows 10 ; 10.0       ; x86_64         ;
; EDA Netlist Writer   ; ECE-CPUIO2-08    ; Windows 10 ; 10.0       ; x86_64         ;
; EDA Netlist Writer   ; ECE-CPUIO2-08    ; Windows 10 ; 10.0       ; x86_64         ;
; EDA Netlist Writer   ; ECE-CPUIO2-08    ; Windows 10 ; 10.0       ; x86_64         ;
; EDA Netlist Writer   ; ECE-CPUIO2-08    ; Windows 10 ; 10.0       ; x86_64         ;
+----------------------+------------------+------------+------------+----------------+


------------
; Flow Log ;
------------
quartus_map --read_settings_files=on --write_settings_files=off LogicalStep_Lab4 -c LogicalStep_Lab4_top
quartus_eda --gen_testbench --tool=modelsim_oem --format=vhdl --write_settings_files=off LogicalStep_Lab4 -c LogicalStep_Lab4_top --vector_source=C:/Users/ikorovin/ece-124/Lab4/Waveform2.vwf --testbench_file=C:/Users/ikorovin/ece-124/Lab4/simulation/qsim/Waveform2.vwf.vht
quartus_eda --write_settings_files=off --simulation=on --functional=on --flatten_buses=off --tool=modelsim_oem --format=vhdl --output_directory=C:/Users/ikorovin/ece-124/Lab4/simulation/qsim/ LogicalStep_Lab4 -c LogicalStep_Lab4_top
quartus_eda --gen_testbench --tool=modelsim_oem --format=vhdl --write_settings_files=off LogicalStep_Lab4 -c LogicalStep_Lab4_top --vector_source=C:/Users/ikorovin/ece-124/Lab4/Waveform2.vwf --testbench_file=C:/Users/ikorovin/ece-124/Lab4/simulation/qsim/Waveform2.vwf.vht
quartus_eda --write_settings_files=off --simulation=on --functional=on --flatten_buses=off --tool=modelsim_oem --format=vhdl --output_directory=C:/Users/ikorovin/ece-124/Lab4/simulation/qsim/ LogicalStep_Lab4 -c LogicalStep_Lab4_top
quartus_eda --gen_testbench --tool=modelsim_oem --format=vhdl --write_settings_files=off LogicalStep_Lab4 -c LogicalStep_Lab4_top --vector_source=C:/Users/ikorovin/ece-124/Lab4/Waveform2.vwf --testbench_file=C:/Users/ikorovin/ece-124/Lab4/simulation/qsim/Waveform2.vwf.vht
quartus_eda --write_settings_files=off --simulation=on --functional=on --flatten_buses=off --tool=modelsim_oem --format=vhdl --output_directory=C:/Users/ikorovin/ece-124/Lab4/simulation/qsim/ LogicalStep_Lab4 -c LogicalStep_Lab4_top
quartus_eda --gen_testbench --tool=modelsim_oem --format=vhdl --write_settings_files=off LogicalStep_Lab4 -c LogicalStep_Lab4_top --vector_source=C:/Users/ikorovin/ece-124/Lab4/Waveform2.vwf --testbench_file=C:/Users/ikorovin/ece-124/Lab4/simulation/qsim/Waveform2.vwf.vht
quartus_eda --write_settings_files=off --simulation=on --functional=on --flatten_buses=off --tool=modelsim_oem --format=vhdl --output_directory=C:/Users/ikorovin/ece-124/Lab4/simulation/qsim/ LogicalStep_Lab4 -c LogicalStep_Lab4_top
quartus_eda --gen_testbench --tool=modelsim_oem --format=vhdl --write_settings_files=off LogicalStep_Lab4 -c LogicalStep_Lab4_top --vector_source=C:/Users/ikorovin/ece-124/Lab4/Waveform3.vwf --testbench_file=C:/Users/ikorovin/ece-124/Lab4/simulation/qsim/Waveform3.vwf.vht
quartus_eda --write_settings_files=off --simulation=on --functional=on --flatten_buses=off --tool=modelsim_oem --format=vhdl --output_directory=C:/Users/ikorovin/ece-124/Lab4/simulation/qsim/ LogicalStep_Lab4 -c LogicalStep_Lab4_top
quartus_eda --gen_testbench --tool=modelsim_oem --format=vhdl --write_settings_files=off LogicalStep_Lab4 -c LogicalStep_Lab4_top --vector_source=C:/Users/ikorovin/ece-124/Lab4/Waveform3.vwf --testbench_file=C:/Users/ikorovin/ece-124/Lab4/simulation/qsim/Waveform3.vwf.vht
quartus_eda --write_settings_files=off --simulation=on --functional=on --flatten_buses=off --tool=modelsim_oem --format=vhdl --output_directory=C:/Users/ikorovin/ece-124/Lab4/simulation/qsim/ LogicalStep_Lab4 -c LogicalStep_Lab4_top
quartus_eda --gen_testbench --tool=modelsim_oem --format=vhdl --write_settings_files=off LogicalStep_Lab4 -c LogicalStep_Lab4_top --vector_source=C:/Users/ikorovin/ece-124/Lab4/Waveform2.vwf --testbench_file=C:/Users/ikorovin/ece-124/Lab4/simulation/qsim/Waveform2.vwf.vht
quartus_eda --write_settings_files=off --simulation=on --functional=on --flatten_buses=off --tool=modelsim_oem --format=vhdl --output_directory=C:/Users/ikorovin/ece-124/Lab4/simulation/qsim/ LogicalStep_Lab4 -c LogicalStep_Lab4_top



